C51 COMPILER V9.60.7.0   COMMON                                                            02/21/2025 16:52:33 PAGE 1   


C51 COMPILER V9.60.7.0, COMPILATION OF MODULE COMMON
OBJECT MODULE PLACED IN ..\Output\hex\common.obj
COMPILER INVOKED BY: D:\APP\Keil_v5\C51\BIN\C51.EXE ..\Emembed\Src\common.c LARGE OPTIMIZE(8,SPEED) BROWSE INCDIR(..\BSP
                    -\Inc;..\Core\Inc;..\Drivers;..\Emembed\Inc;..\Middlewares;..\SYSTEM) DEBUG OBJECTEXTEND PRINT(.\Listings\common.lst) OBJ
                    -ECT(..\Output\hex\common.obj)

line level    source

   1          #include "common.h"
   2          
   3          /**
   4           * @brief       Timer1中断处理函数
   5           *
   6           * @param   
   7           *
   8           * @return  void
   9          **/
  10          void Tim2_ISR( void ) interrupt 12   //10ms
  11          {
  12   1          static uint8_t temp_scan_cnt = 0;
  13   1      
  14   1          if( temp.temp_scan_flag == 0 )
  15   1          {
  16   2              temp_scan_cnt++;
  17   2              if( temp_scan_cnt == 100)
  18   2              {
  19   3                  temp_scan_cnt = 0;
  20   3                  temp.temp_scan_flag = 1;
  21   3              }
  22   2          }
  23   1      
  24   1      }


MODULE INFORMATION:   STATIC OVERLAYABLE
   CODE SIZE        =     40    ----
   CONSTANT SIZE    =   ----    ----
   XDATA SIZE       =      1    ----
   PDATA SIZE       =   ----    ----
   DATA SIZE        =   ----    ----
   IDATA SIZE       =   ----    ----
   BIT SIZE         =   ----    ----
END OF MODULE INFORMATION.


C51 COMPILATION COMPLETE.  0 WARNING(S),  0 ERROR(S)
