C51 COMPILER V9.60.7.0   UART                                                              02/22/2025 15:16:44 PAGE 1   


C51 COMPILER V9.60.7.0, COMPILATION OF MODULE UART
OBJECT MODULE PLACED IN ..\Output\hex\uart.obj
COMPILER INVOKED BY: D:\APP\Keil_v5\C51\BIN\C51.EXE ..\Core\Src\uart.c LARGE OPTIMIZE(8,SPEED) BROWSE INCDIR(..\BSP\Inc;
                    -..\Core\Inc;..\Drivers;..\Emembed\Inc;..\Middlewares;..\SYSTEM) DEBUG OBJECTEXTEND PRINT(.\Listings\uart.lst) OBJECT(..\
                    -Output\hex\uart.obj)

line level    source

   1          #include "uart.h"
   2          
   3          void Uart3_Init( void ) //115200bps@11.0592MHz
   4          {
   5   1              P_SW2 |= 0X00;                  //串口3功能脚选择P0.0 P0.1
   6   1      
   7   1              S3CON  = 0x10;              //8位数据,可变波特率
   8   1      
   9   1              S3CON |= 0x40;                  //串口3选择定时器3为波特率发生器
  10   1      
  11   1              T4T3M |= 0x02;                  //定时器时钟1T模式
  12   1      
  13   1              T3L    = 0xE8;                          //设置定时初始值
  14   1              T3H    = 0xFF;                          //设置定时初始值
  15   1      
  16   1              T4T3M |= 0x08;                  //定时器3开始计时
  17   1      
  18   1              IE2   |= 0x08;          // 串口3中断打开  
  19   1      }
  20          
  21          void Uart4_Init( void ) //115200bps@11.0592MHz
  22          {
  23   1              P_SW2 |= 0X00;                  //串口4功能脚选择P0.2 P0.3
  24   1      
  25   1              S4CON  = 0x10;          //8位数据,可变波特率
  26   1              S4CON |= 0x40;          //串口4选择定时器4为波特率发生器
  27   1              T4T3M |= 0x20;          //定时器时钟1T模式
  28   1              T4L    = 0xE8;          //设置定时初始值
  29   1              T4H    = 0xFF;          //设置定时初始值
  30   1              T4T3M |= 0x80;          //定时器4开始计时
  31   1      
  32   1              IE2   |= 0x10;      // 串口4中断打开
  33   1      }


MODULE INFORMATION:   STATIC OVERLAYABLE
   CODE SIZE        =     44    ----
   CONSTANT SIZE    =   ----    ----
   XDATA SIZE       =   ----    ----
   PDATA SIZE       =   ----    ----
   DATA SIZE        =   ----    ----
   IDATA SIZE       =   ----    ----
   BIT SIZE         =   ----    ----
END OF MODULE INFORMATION.


C51 COMPILATION COMPLETE.  0 WARNING(S),  0 ERROR(S)
